#
# A fatal error has been detected by the Java Runtime Environment:
#
#  SIGSEGV (0xb) at pc=0x00007fe169aa3234, pid=3713, tid=140606001596160
#
# JRE version: 7.0_01-b08
# Java VM: Java HotSpot(TM) 64-Bit Server VM (21.1-b02 mixed mode linux-amd64 compressed oops)
# Problematic frame:
# V  [libjvm.so+0x63e234]  PhaseIdealLoop::build_loop_late_post(Node*)+0x154
#
# Failed to write core dump. Core dumps have been disabled. To enable core dumping, try "ulimit -c unlimited" before starting Java again
#
# If you would like to submit a bug report, please visit:
#   http://bugreport.sun.com/bugreport/crash.jsp
#

---------------  T H R E A D  ---------------

Current thread (0x0000000001da7800):  JavaThread "C2 CompilerThread1" daemon [_thread_in_native, id=3726, stack(0x00007fe162b74000,0x00007fe162c75000)]

siginfo:si_signo=SIGSEGV: si_errno=0, si_code=1 (SEGV_MAPERR), si_addr=0x0000000000000008

Registers:
RAX=0x0000000000000000, RBX=0x00007fe162c71a50, RCX=0x0000000000000000, RDX=0x00000000000013d1
RSP=0x00007fe162c702c0, RBP=0x00007fe162c702f0, RSI=0x0000000000000000, RDI=0x00007fe154316470
R8 =0x0000000000000000, R9 =0x0000000000000038, R10=0x00007fe15c294ea0, R11=0x00007fe16a18e08e
R12=0x00007fe15cd0afa8, R13=0x00007fe1546f4740, R14=0x00007fe15c294de0, R15=0x00007fe162c71a70
RIP=0x00007fe169aa3234, EFLAGS=0x0000000000010202, CSGSFS=0x0000000000000033, ERR=0x0000000000000004
  TRAPNO=0x000000000000000e

Top of Stack: (sp=0x00007fe162c702c0)
0x00007fe162c702c0:   00007fe162c702f0 00007fe162c70570
0x00007fe162c702d0:   00007fe15c294de0 00007fe162c705b0
0x00007fe162c702e0:   0000000000000002 00000000000001a0
0x00007fe162c702f0:   00007fe162c70350 00007fe169aa379c
0x00007fe162c70300:   00007fe100000001 00007fe15cd11d28
0x00007fe162c70310:   00007fe162c70590 00007fe162c71a50
0x00007fe162c70320:   00007fe162c723f0 0000000000000001
0x00007fe162c70330:   00007fe15cbc0f80 00007fe162c71a50
0x00007fe162c70340:   00007fe16a0c2d38 00007fe162c70590
0x00007fe162c70350:   00007fe162c70600 00007fe169aaa789
0x00007fe162c70360:   00007fe15c1f5980 00007fe162c705b0
0x00007fe162c70370:   00007fe162c70570 01007fe1543e55b0
0x00007fe162c70380:   00007fe162c71a70 0000000762c71078
0x00007fe162c70390:   00007fe15cd86b60 00007fe15cd86bb0
0x00007fe162c703a0:   00007fe15cd8eb48 0000000001da7d60
0x00007fe162c703b0:   0000000001da7d60 00007fe100000004
0x00007fe162c703c0:   00000000022cfae0 00007fe100000000
0x00007fe162c703d0:   00007fe15cd80a40 00007fe162c71040
0x00007fe162c703e0:   0000000154312728 00007fe15c1f2b50
0x00007fe162c703f0:   00007fe162c70560 00007fe169b1aa29
0x00007fe162c70400:   00007fe162c70560 00007fe16978ace5
0x00007fe162c70410:   00007fe15cbc0f80 00007fe15c129130
0x00007fe162c70420:   00007fe162c70430 00007fe169c7c78d
0x00007fe162c70430:   01007fe1543e57f8 00007fe162c71040
0x00007fe162c70440:   0100000000000000 0000000000000002
0x00007fe162c70450:   00007fe1541e7560 00007fe1541e7560
0x00007fe162c70460:   000000065c2fe378 0000000000000000
0x00007fe162c70470:   00007fe1541e7560 0000000000010040
0x00007fe162c70480:   00007fe1543e5790 0000000000000000
0x00007fe162c70490:   00007fe162c704c0 00007fe169c7e0c1
0x00007fe162c704a0:   0000000000000000 00007fe154000020
0x00007fe162c704b0:   00007fe162c70520 0000000000010010 

Instructions: (pc=0x00007fe169aa3234)
0x00007fe169aa3214:   00 8b 70 28 49 89 c4 0f 1f 44 00 00 89 f0 48 8d
0x00007fe169aa3224:   3c c5 00 00 00 00 48 03 bb e0 09 00 00 48 8b 0f
0x00007fe169aa3234:   48 8b 41 08 48 83 38 00 75 2b 8b 73 28 0f 1f 80
0x00007fe169aa3244:   00 00 00 00 8b 41 28 31 c9 39 f0 73 0e 89 c2 48 

Register to memory mapping:

RAX=0x0000000000000000 is an unknown value
RBX=0x00007fe162c71a50 is pointing into the stack for thread: 0x0000000001da7800
RCX=0x0000000000000000 is an unknown value
RDX=0x00000000000013d1 is an unknown value
RSP=0x00007fe162c702c0 is pointing into the stack for thread: 0x0000000001da7800
RBP=0x00007fe162c702f0 is pointing into the stack for thread: 0x0000000001da7800
RSI=0x0000000000000000 is an unknown value
RDI=0x00007fe154316470 is an unknown value
R8 =0x0000000000000000 is an unknown value
R9 =0x0000000000000038 is an unknown value
R10=0x00007fe15c294ea0 is an unknown value
R11=0x00007fe16a18e08e: <offset 0x8508e> in /lib/x86_64-linux-gnu/libc.so.6 at 0x00007fe16a109000
R12=0x00007fe15cd0afa8 is an unknown value
R13=0x00007fe1546f4740 is an unknown value
R14=0x00007fe15c294de0 is an unknown value
R15=0x00007fe162c71a70 is pointing into the stack for thread: 0x0000000001da7800


Stack: [0x00007fe162b74000,0x00007fe162c75000],  sp=0x00007fe162c702c0,  free space=1008k
Native frames: (J=compiled Java code, j=interpreted, Vv=VM code, C=native code)
V  [libjvm.so+0x63e234]  PhaseIdealLoop::build_loop_late_post(Node*)+0x154
V  [libjvm.so+0x63e79c]  PhaseIdealLoop::build_loop_late(VectorSet&, Node_List&, Node_Stack&)+0x13c
V  [libjvm.so+0x645789]  PhaseIdealLoop::build_and_optimize(bool)+0x789
V  [libjvm.so+0x39ca08]  Compile::Optimize()+0xaf8
V  [libjvm.so+0x39d94c]  Compile::Compile(ciEnv*, C2Compiler*, ciMethod*, int, bool, bool)+0xdac
V  [libjvm.so+0x312042]  C2Compiler::compile_method(ciEnv*, ciMethod*, int)+0x142
V  [libjvm.so+0x3a2c8d]  CompileBroker::invoke_compiler_on_method(CompileTask*)+0x2ed
V  [libjvm.so+0x3a35bd]  CompileBroker::compiler_thread_loop()+0x43d
V  [libjvm.so+0x80d2aa]  JavaThread::run()+0x17a
V  [libjvm.so+0x6f7fd0]  java_start(Thread*)+0x100


Current CompileTask:
C2:2704794  507             jregex.Pretokenizer::next (1064 bytes)


---------------  P R O C E S S  ---------------

Java Threads: ( => current thread )
  0x000000000283e800 JavaThread "net.sf.ehcache.CacheManager@1d630482" daemon [_thread_blocked, id=4504, stack(0x00007fe161f6b000,0x00007fe16206c000)]
  0x0000000001f68800 JavaThread "New I/O server worker #1-2" [_thread_in_native, id=4503, stack(0x00007fe16216d000,0x00007fe16226e000)]
  0x00007fe15c603800 JavaThread "com.mchange.v2.async.ThreadPoolAsynchronousRunner$PoolThread-#2" daemon [_thread_blocked, id=3738, stack(0x00007fe16195f000,0x00007fe161a60000)]
  0x00007fe15c945000 JavaThread "com.mchange.v2.async.ThreadPoolAsynchronousRunner$PoolThread-#1" daemon [_thread_blocked, id=3737, stack(0x00007fe161a60000,0x00007fe161b61000)]
  0x00007fe15c949000 JavaThread "com.mchange.v2.async.ThreadPoolAsynchronousRunner$PoolThread-#0" daemon [_thread_blocked, id=3736, stack(0x00007fe161b61000,0x00007fe161c62000)]
  0x00007fe15c611000 JavaThread "Timer-0" daemon [_thread_blocked, id=3735, stack(0x00007fe161c62000,0x00007fe161d63000)]
  0x00007fe15c37a800 JavaThread "play-thread-1" [_thread_in_native, id=3732, stack(0x00007fe16206c000,0x00007fe16216d000)]
  0x00007fe15c867000 JavaThread "DestroyJavaVM" [_thread_blocked, id=3714, stack(0x00007fe16abda000,0x00007fe16acdb000)]
  0x00007fe15c866000 JavaThread "New I/O server boss #1 ([id: 0x7abd5d91, /0:0:0:0:0:0:0:0:9000])" [_thread_in_native, id=3729, stack(0x00007fe162272000,0x00007fe162373000)]
  0x00007fe15c007800 JavaThread "Service Thread" daemon [_thread_blocked, id=3727, stack(0x00007fe162a73000,0x00007fe162b74000)]
=>0x0000000001da7800 JavaThread "C2 CompilerThread1" daemon [_thread_in_native, id=3726, stack(0x00007fe162b74000,0x00007fe162c75000)]
  0x0000000001da5000 JavaThread "C2 CompilerThread0" daemon [_thread_blocked, id=3725, stack(0x00007fe162c75000,0x00007fe162d76000)]
  0x0000000001d99000 JavaThread "JDWP Event Helper Thread" daemon [_thread_blocked, id=3724, stack(0x00007fe162d76000,0x00007fe162e77000)]
  0x0000000001d95800 JavaThread "JDWP Transport Listener: dt_socket" daemon [_thread_in_native, id=3723, stack(0x00007fe162e77000,0x00007fe162f78000)]
  0x0000000001d63000 JavaThread "Signal Dispatcher" daemon [_thread_blocked, id=3722, stack(0x00007fe16317c000,0x00007fe16327d000)]
  0x0000000001d19800 JavaThread "Finalizer" daemon [_thread_blocked, id=3721, stack(0x00007fe16327d000,0x00007fe16337e000)]
  0x0000000001d17000 JavaThread "Reference Handler" daemon [_thread_blocked, id=3720, stack(0x00007fe16337e000,0x00007fe16347f000)]

Other Threads:
  0x0000000001d0f800 VMThread [stack: 0x00007fe16347f000,0x00007fe163580000] [id=3719]
  0x00007fe15c01a800 WatcherThread [stack: 0x00007fe162972000,0x00007fe162a73000] [id=3728]

VM state:not at safepoint (normal execution)

VM Mutex/Monitor currently owned by a thread: None

Heap
 PSYoungGen      total 125312K, used 107708K [0x00000000ec600000, 0x00000000f5080000, 0x0000000100000000)
  eden space 113152K, 84% used [0x00000000ec600000,0x00000000f234f3e0,0x00000000f3480000)
  from space 12160K, 99% used [0x00000000f39a0000,0x00000000f457fee0,0x00000000f4580000)
  to   space 11264K, 0% used [0x00000000f4580000,0x00000000f4580000,0x00000000f5080000)
 PSOldGen        total 40192K, used 18886K [0x00000000c5200000, 0x00000000c7940000, 0x00000000ec600000)
  object space 40192K, 46% used [0x00000000c5200000,0x00000000c6471be8,0x00000000c7940000)
 PSPermGen       total 37760K, used 37703K [0x00000000c0000000, 0x00000000c24e0000, 0x00000000c5200000)
  object space 37760K, 99% used [0x00000000c0000000,0x00000000c24d1ce8,0x00000000c24e0000)

Code Cache  [0x00007fe16441c000, 0x00007fe16471c000, 0x00007fe16741c000)
 total_blobs=1125 nmethods=470 adapters=615 free_code_cache=46163Kb largest_free_block=47237568

Dynamic libraries:
00400000-00401000 r-xp 00000000 08:05 3408958                            /usr/java/jdk1.7.0_01/bin/java
00600000-00601000 rw-p 00000000 08:05 3408958                            /usr/java/jdk1.7.0_01/bin/java
01c57000-02f40000 rw-p 00000000 00:00 0                                  [heap]
c0000000-c24e0000 rw-p 00000000 00:00 0 
c24e0000-c5200000 rw-p 00000000 00:00 0 
c5200000-c7940000 rw-p 00000000 00:00 0 
c7940000-ec600000 rw-p 00000000 00:00 0 
ec600000-f5080000 rw-p 00000000 00:00 0 
f5080000-f53e0000 ---p 00000000 00:00 0 
f53e0000-100000000 rw-p 00000000 00:00 0 
7fe154000000-7fe154970000 rw-p 00000000 00:00 0 
7fe154970000-7fe158000000 ---p 00000000 00:00 0 
7fe15c000000-7fe15d2c4000 rw-p 00000000 00:00 0 
7fe15d2c4000-7fe160000000 ---p 00000000 00:00 0 
7fe160d98000-7fe160d9b000 ---p 00000000 00:00 0 
7fe160d9b000-7fe160e99000 rw-p 00000000 00:00 0 
7fe160e99000-7fe160eb0000 r-xp 00000000 08:05 5770975                    /lib/x86_64-linux-gnu/libresolv-2.13.so
7fe160eb0000-7fe1610b0000 ---p 00017000 08:05 5770975                    /lib/x86_64-linux-gnu/libresolv-2.13.so
7fe1610b0000-7fe1610b1000 r--p 00017000 08:05 5770975                    /lib/x86_64-linux-gnu/libresolv-2.13.so
7fe1610b1000-7fe1610b2000 rw-p 00018000 08:05 5770975                    /lib/x86_64-linux-gnu/libresolv-2.13.so
7fe1610b2000-7fe1610b4000 rw-p 00000000 00:00 0 
7fe1610b4000-7fe1610ba000 r-xp 00000000 08:05 5770952                    /lib/x86_64-linux-gnu/libnss_dns-2.13.so
7fe1610ba000-7fe1612b9000 ---p 00006000 08:05 5770952                    /lib/x86_64-linux-gnu/libnss_dns-2.13.so
7fe1612b9000-7fe1612ba000 r--p 00005000 08:05 5770952                    /lib/x86_64-linux-gnu/libnss_dns-2.13.so
7fe1612ba000-7fe1612bb000 rw-p 00006000 08:05 5770952                    /lib/x86_64-linux-gnu/libnss_dns-2.13.so
7fe1612bb000-7fe1612bd000 r-xp 00000000 08:05 5767233                    /lib/libnss_mdns4_minimal.so.2
7fe1612bd000-7fe1614bc000 ---p 00002000 08:05 5767233                    /lib/libnss_mdns4_minimal.so.2
7fe1614bc000-7fe1614bd000 r--p 00001000 08:05 5767233                    /lib/libnss_mdns4_minimal.so.2
7fe1614bd000-7fe1614be000 rw-p 00002000 08:05 5767233                    /lib/libnss_mdns4_minimal.so.2
7fe1614dc000-7fe1614f1000 r-xp 00000000 08:05 5770934                    /lib/x86_64-linux-gnu/libgcc_s.so.1
7fe1614f1000-7fe1616f0000 ---p 00015000 08:05 5770934                    /lib/x86_64-linux-gnu/libgcc_s.so.1
7fe1616f0000-7fe1616f1000 r--p 00014000 08:05 5770934                    /lib/x86_64-linux-gnu/libgcc_s.so.1
7fe1616f1000-7fe1616f2000 rw-p 00015000 08:05 5770934                    /lib/x86_64-linux-gnu/libgcc_s.so.1
7fe16170c000-7fe161710000 r--s 0002d000 08:05 3410263                    /usr/java/jdk1.7.0_01/jre/lib/ext/sunjce_provider.jar
7fe161710000-7fe161742000 r-xp 00000000 08:05 3410216                    /usr/java/jdk1.7.0_01/jre/lib/amd64/libsunec.so
7fe161742000-7fe161941000 ---p 00032000 08:05 3410216                    /usr/java/jdk1.7.0_01/jre/lib/amd64/libsunec.so
7fe161941000-7fe161947000 rw-p 00031000 08:05 3410216                    /usr/java/jdk1.7.0_01/jre/lib/amd64/libsunec.so
7fe161947000-7fe161957000 rw-p 00000000 00:00 0 
7fe161957000-7fe161958000 r--s 00003000 08:05 3410262                    /usr/java/jdk1.7.0_01/jre/lib/ext/sunec.jar
7fe161958000-7fe16195c000 r--s 00037000 08:05 3410261                    /usr/java/jdk1.7.0_01/jre/lib/ext/sunpkcs11.jar
7fe16195c000-7fe16195f000 r--s 00018000 08:05 1451042                    /usr/java/jdk1.7.0_01/jre/lib/jce.jar
7fe16195f000-7fe161962000 ---p 00000000 00:00 0 
7fe161962000-7fe161a60000 rw-p 00000000 00:00 0 
7fe161a60000-7fe161a63000 ---p 00000000 00:00 0 
7fe161a63000-7fe161b61000 rw-p 00000000 00:00 0 
7fe161b61000-7fe161b64000 ---p 00000000 00:00 0 
7fe161b64000-7fe161c62000 rw-p 00000000 00:00 0 
7fe161c62000-7fe161c65000 ---p 00000000 00:00 0 
7fe161c65000-7fe161d63000 rw-p 00000000 00:00 0 
7fe161d63000-7fe161d6b000 r-xp 00000000 08:05 3410234                    /usr/java/jdk1.7.0_01/jre/lib/amd64/libmanagement.so
7fe161d6b000-7fe161f6a000 ---p 00008000 08:05 3410234                    /usr/java/jdk1.7.0_01/jre/lib/amd64/libmanagement.so
7fe161f6a000-7fe161f6b000 rw-p 00007000 08:05 3410234                    /usr/java/jdk1.7.0_01/jre/lib/amd64/libmanagement.so
7fe161f6b000-7fe161f6e000 ---p 00000000 00:00 0 
7fe161f6e000-7fe16206c000 rw-p 00000000 00:00 0 
7fe16206c000-7fe16206f000 ---p 00000000 00:00 0 
7fe16206f000-7fe16216d000 rw-p 00000000 00:00 0 
7fe16216d000-7fe162170000 ---p 00000000 00:00 0 
7fe162170000-7fe16226e000 rw-p 00000000 00:00 0 
7fe16226e000-7fe162272000 r--s 00088000 08:05 1451003                    /usr/java/jdk1.7.0_01/jre/lib/jsse.jar
7fe162272000-7fe162275000 ---p 00000000 00:00 0 
7fe162275000-7fe162373000 rw-p 00000000 00:00 0 
7fe162373000-7fe16237c000 r--s 00254000 08:05 1451023                    /usr/java/jdk1.7.0_01/jre/lib/resources.jar
7fe16237c000-7fe162391000 r-xp 00000000 08:05 3410210                    /usr/java/jdk1.7.0_01/jre/lib/amd64/libnet.so
7fe162391000-7fe162591000 ---p 00015000 08:05 3410210                    /usr/java/jdk1.7.0_01/jre/lib/amd64/libnet.so
7fe162591000-7fe162592000 rw-p 00015000 08:05 3410210                    /usr/java/jdk1.7.0_01/jre/lib/amd64/libnet.so
7fe162592000-7fe1625a2000 r-xp 00000000 08:05 3410225                    /usr/java/jdk1.7.0_01/jre/lib/amd64/libnio.so
7fe1625a2000-7fe1627a2000 ---p 00010000 08:05 3410225                    /usr/java/jdk1.7.0_01/jre/lib/amd64/libnio.so
7fe1627a2000-7fe1627a3000 rw-p 00010000 08:05 3410225                    /usr/java/jdk1.7.0_01/jre/lib/amd64/libnio.so
7fe1627a3000-7fe1627a5000 r--s 0000e000 08:05 3149585                    /usr/java/play-1.2.4/framework/lib/commons-javaflow-1066591.jar
7fe1627a5000-7fe1627d7000 r--s 002c7000 08:05 3149598                    /usr/java/play-1.2.4/framework/lib/hibernate-core-3.6.1.Final.jar
7fe1627d7000-7fe1627dc000 r--s 00048000 08:05 3149588                    /usr/java/play-1.2.4/framework/lib/dom4j-1.6.1.jar
7fe1627dc000-7fe1627de000 r--s 0000d000 08:05 3149580                    /usr/java/play-1.2.4/framework/lib/commons-codec-1.4.jar
7fe1627de000-7fe1627e1000 r--s 00024000 08:05 3149584                    /usr/java/play-1.2.4/framework/lib/commons-io-2.0.1.jar
7fe1627e1000-7fe1627e7000 r--s 00032000 08:05 3149607                    /usr/java/play-1.2.4/framework/lib/jaxen-1.1.jar
7fe1627e7000-7fe1627ed000 r--s 00067000 08:05 3149573                    /usr/java/play-1.2.4/framework/lib/antlr-2.7.6.jar
7fe1627ed000-7fe1627f5000 r--s 0008a000 08:05 3149605                    /usr/java/play-1.2.4/framework/lib/javassist-3.9.0.GA.jar
7fe1627f5000-7fe1627f7000 r--s 00001000 08:05 3149614                    /usr/java/play-1.2.4/framework/lib/jsr107cache-1.0.jar
7fe1627f7000-7fe1627f9000 r--s 00002000 08:05 3149615                    /usr/java/play-1.2.4/framework/lib/jta-1.1.jar
7fe1627f9000-7fe162800000 r--s 0004d000 08:05 3149575                    /usr/java/play-1.2.4/framework/lib/async-http-client-1.6.5.jar
7fe162800000-7fe162810000 r--s 000b2000 08:05 3149622                    /usr/java/play-1.2.4/framework/lib/netty-3.2.5.Final.jar
7fe162810000-7fe162815000 r--s 00014000 08:05 3149602                    /usr/java/play-1.2.4/framework/lib/hibernate-jpa-2.0-api-1.0.0.Final.jar
7fe162815000-7fe162817000 r--s 0000c000 08:05 3149572                    /usr/java/play-1.2.4/framework/lib/activation-1.1.1.jar
7fe162817000-7fe162819000 r--s 0000d000 08:05 3149587                    /usr/java/play-1.2.4/framework/lib/commons-logging-1.1.1.jar
7fe162819000-7fe16281b000 r--s 00005000 08:05 3149627                    /usr/java/play-1.2.4/framework/lib/slf4j-api-1.6.1.jar
7fe16281b000-7fe162826000 r--s 0008b000 08:05 3149577                    /usr/java/play-1.2.4/framework/lib/c3p0-0.9.1.2.jar
7fe162826000-7fe162829000 r--s 00011000 08:05 3149590                    /usr/java/play-1.2.4/framework/lib/ezmorph-1.0.3.jar
7fe162829000-7fe16282b000 r--s 00008000 08:05 3149626                    /usr/java/play-1.2.4/framework/lib/signpost-core-1.2.jar
7fe16282b000-7fe162832000 r--s 0006a000 08:05 3149619                    /usr/java/play-1.2.4/framework/lib/mail-1.4.3.jar
7fe162832000-7fe162835000 r--s 0000f000 08:05 3149596                    /usr/java/play-1.2.4/framework/lib/hibernate-commons-annotations-3.2.0.Final.jar
7fe162835000-7fe16283a000 r--s 00020000 08:05 3149608                    /usr/java/play-1.2.4/framework/lib/jj-imaging.jar
7fe16283a000-7fe162841000 r--s 000b7000 08:05 3149621                    /usr/java/play-1.2.4/framework/lib/mysql-connector-java-5.1.13.jar
7fe162841000-7fe162847000 r--s 00040000 08:05 3149620                    /usr/java/play-1.2.4/framework/lib/memcached-2.6.jar
7fe162847000-7fe16284c000 r--s 00034000 08:05 3149579                    /usr/java/play-1.2.4/framework/lib/commons-beanutils-1.8.3.jar
7fe16284c000-7fe162850000 r--s 00027000 08:05 3149593                    /usr/java/play-1.2.4/framework/lib/gson-1.7.1.jar
7fe162850000-7fe16287a000 r--s 00427000 08:05 3149623                    /usr/java/play-1.2.4/framework/lib/org.eclipse.jdt.core-3.8.0.v_C03.jar
7fe16287a000-7fe16287c000 r--s 00015000 08:05 3149613                    /usr/java/play-1.2.4/framework/lib/jregex-1.2_01.jar
7fe16287c000-7fe162881000 r--s 00041000 08:05 3149586                    /usr/java/play-1.2.4/framework/lib/commons-lang-2.6.jar
7fe162881000-7fe162883000 r--s 00015000 08:05 3149609                    /usr/java/play-1.2.4/framework/lib/jj-simplecaptcha.jar
7fe162883000-7fe162884000 r--s 00002000 08:05 3149628                    /usr/java/play-1.2.4/framework/lib/slf4j-log4j12-1.6.1.jar
7fe162884000-7fe162887000 r--s 0000f000 08:05 3149591                    /usr/java/play-1.2.4/framework/lib/geronimo-servlet_2.5_spec-1.2.jar
7fe162887000-7fe162889000 r--s 0000d000 08:05 3149583                    /usr/java/play-1.2.4/framework/lib/commons-fileupload-1.2.2.jar
7fe162889000-7fe162898000 r--s 0007c000 08:05 3149612                    /usr/java/play-1.2.4/framework/lib/joda-time-2.0.jar
7fe162898000-7fe1628a1000 r--s 0005d000 08:05 3149600                    /usr/java/play-1.2.4/framework/lib/hibernate-entitymanager-3.6.0.Final.jar
7fe1628a1000-7fe1628c6000 r--s 00172000 08:05 3149576                    /usr/java/play-1.2.4/framework/lib/bcprov-jdk15-1.45.jar
7fe1628c6000-7fe1628c7000 r--s 00000000 08:05 3149606                    /usr/java/play-1.2.4/framework/lib/javax.inject-1.0.jar
7fe1628c7000-7fe1628ca000 r--s 00022000 08:05 3149604                    /usr/java/play-1.2.4/framework/lib/jamon-2.7.jar
7fe1628ca000-7fe1628d1000 r--s 00038000 08:05 3149611                    /usr/java/play-1.2.4/framework/lib/jj-wikitext.jar
7fe1628d1000-7fe1628d2000 r--s 00007000 08:05 3149582                    /usr/java/play-1.2.4/framework/lib/commons-email-1.2.jar
7fe1628d2000-7fe1628d4000 r--s 0000b000 08:05 3149610                    /usr/java/play-1.2.4/framework/lib/jj-textile.jar
7fe1628d4000-7fe1628de000 r--s 0006f000 08:05 3149589                    /usr/java/play-1.2.4/framework/lib/ehcache-core-2.0.0.jar
7fe1628de000-7fe162932000 r--s 00520000 08:05 3149592                    /usr/java/play-1.2.4/framework/lib/groovy-all-1.7.10.jar
7fe162932000-7fe16293d000 r--s 0005a000 08:05 3149630                    /usr/java/play-1.2.4/framework/lib/xstream-1.3.jar
7fe16293d000-7fe162943000 r--s 00034000 08:05 3149616                    /usr/java/play-1.2.4/framework/lib/junit-4.8.1.jar
7fe162943000-7fe162948000 r--s 0002e000 08:05 3149574                    /usr/java/play-1.2.4/framework/lib/asm-all-3.3.1.jar
7fe162948000-7fe16294e000 r--s 00038000 08:05 3149629                    /usr/java/play-1.2.4/framework/lib/snakeyaml-1.7.jar
7fe16294e000-7fe162957000 r--s 0006d000 08:05 3149618                    /usr/java/play-1.2.4/framework/lib/log4j-1.2.16.jar
7fe162957000-7fe16295e000 r--s 00049000 08:05 3149624                    /usr/java/play-1.2.4/framework/lib/oval-1.50.jar
7fe16295e000-7fe162964000 r--s 00049000 08:05 3149578                    /usr/java/play-1.2.4/framework/lib/cglib-nodep-2.2.jar
7fe162964000-7fe162972000 r--s 0007f000 08:05 3149581                    /usr/java/play-1.2.4/framework/lib/commons-collections-3.2.1.jar
7fe162972000-7fe162973000 ---p 00000000 00:00 0 
7fe162973000-7fe162a73000 rw-p 00000000 00:00 0 
7fe162a73000-7fe162a76000 ---p 00000000 00:00 0 
7fe162a76000-7fe162b74000 rw-p 00000000 00:00 0 
7fe162b74000-7fe162b77000 ---p 00000000 00:00 0 
7fe162b77000-7fe162c75000 rw-p 00000000 00:00 0 
7fe162c75000-7fe162c78000 ---p 00000000 00:00 0 
7fe162c78000-7fe162d76000 rw-p 00000000 00:00 0 
7fe162d76000-7fe162d79000 ---p 00000000 00:00 0 
7fe162d79000-7fe162e77000 rw-p 00000000 00:00 0 
7fe162e77000-7fe162e7a000 ---p 00000000 00:00 0 
7fe162e7a000-7fe162f78000 rw-p 00000000 00:00 0 
7fe162f78000-7fe162f7c000 r-xp 00000000 08:05 3410238                    /usr/java/jdk1.7.0_01/jre/lib/amd64/libdt_socket.so
7fe162f7c000-7fe16317b000 ---p 00004000 08:05 3410238                    /usr/java/jdk1.7.0_01/jre/lib/amd64/libdt_socket.so
7fe16317b000-7fe16317c000 rw-p 00003000 08:05 3410238                    /usr/java/jdk1.7.0_01/jre/lib/amd64/libdt_socket.so
7fe16317c000-7fe16317f000 ---p 00000000 00:00 0 
7fe16317f000-7fe16327d000 rw-p 00000000 00:00 0 
7fe16327d000-7fe163280000 ---p 00000000 00:00 0 
7fe163280000-7fe16337e000 rw-p 00000000 00:00 0 
7fe16337e000-7fe163381000 ---p 00000000 00:00 0 
7fe163381000-7fe16347f000 rw-p 00000000 00:00 0 
7fe16347f000-7fe163480000 ---p 00000000 00:00 0 
7fe163480000-7fe163af5000 rw-p 00000000 00:00 0 
7fe163af5000-7fe163cb4000 r--s 039fc000 08:05 1451007                    /usr/java/jdk1.7.0_01/jre/lib/rt.jar
7fe163cb4000-7fe163cb5000 ---p 00000000 00:00 0 
7fe163cb5000-7fe163db5000 rw-p 00000000 00:00 0 
7fe163db5000-7fe163db6000 ---p 00000000 00:00 0 
7fe163db6000-7fe163eb6000 rw-p 00000000 00:00 0 
7fe163eb6000-7fe163eb7000 ---p 00000000 00:00 0 
7fe163eb7000-7fe163fb7000 rw-p 00000000 00:00 0 
7fe163fb7000-7fe163fb8000 ---p 00000000 00:00 0 
7fe163fb8000-7fe1640cb000 rw-p 00000000 00:00 0 
7fe1640cb000-7fe1640e1000 rw-p 00000000 00:00 0 
7fe1640e1000-7fe1640f5000 rw-p 00000000 00:00 0 
7fe1640f5000-7fe16421b000 rw-p 00000000 00:00 0 
7fe16421b000-7fe16422e000 rw-p 00000000 00:00 0 
7fe16422e000-7fe164244000 rw-p 00000000 00:00 0 
7fe164244000-7fe164258000 rw-p 00000000 00:00 0 
7fe164258000-7fe16437e000 rw-p 00000000 00:00 0 
7fe16437e000-7fe1643c4000 rw-p 00000000 00:00 0 
7fe1643c4000-7fe1643c5000 ---p 00000000 00:00 0 
7fe1643c5000-7fe16441b000 rw-p 00000000 00:00 0 
7fe16441b000-7fe16441c000 rw-p 00000000 00:00 0 
7fe16441c000-7fe16471c000 rwxp 00000000 00:00 0 
7fe16471c000-7fe16741c000 rw-p 00000000 00:00 0 
7fe16741c000-7fe167436000 r-xp 00000000 08:05 3410223                    /usr/java/jdk1.7.0_01/jre/lib/amd64/libzip.so
7fe167436000-7fe167636000 ---p 0001a000 08:05 3410223                    /usr/java/jdk1.7.0_01/jre/lib/amd64/libzip.so
7fe167636000-7fe167637000 rw-p 0001a000 08:05 3410223                    /usr/java/jdk1.7.0_01/jre/lib/amd64/libzip.so
7fe167637000-7fe167643000 r-xp 00000000 08:05 5770954                    /lib/x86_64-linux-gnu/libnss_files-2.13.so
7fe167643000-7fe167842000 ---p 0000c000 08:05 5770954                    /lib/x86_64-linux-gnu/libnss_files-2.13.so
7fe167842000-7fe167843000 r--p 0000b000 08:05 5770954                    /lib/x86_64-linux-gnu/libnss_files-2.13.so
7fe167843000-7fe167844000 rw-p 0000c000 08:05 5770954                    /lib/x86_64-linux-gnu/libnss_files-2.13.so
7fe167844000-7fe16784e000 r-xp 00000000 08:05 5770958                    /lib/x86_64-linux-gnu/libnss_nis-2.13.so
7fe16784e000-7fe167a4e000 ---p 0000a000 08:05 5770958                    /lib/x86_64-linux-gnu/libnss_nis-2.13.so
7fe167a4e000-7fe167a4f000 r--p 0000a000 08:05 5770958                    /lib/x86_64-linux-gnu/libnss_nis-2.13.so
7fe167a4f000-7fe167a50000 rw-p 0000b000 08:05 5770958                    /lib/x86_64-linux-gnu/libnss_nis-2.13.so
7fe167a50000-7fe167a67000 r-xp 00000000 08:05 5770948                    /lib/x86_64-linux-gnu/libnsl-2.13.so
7fe167a67000-7fe167c66000 ---p 00017000 08:05 5770948                    /lib/x86_64-linux-gnu/libnsl-2.13.so
7fe167c66000-7fe167c67000 r--p 00016000 08:05 5770948                    /lib/x86_64-linux-gnu/libnsl-2.13.so
7fe167c67000-7fe167c68000 rw-p 00017000 08:05 5770948                    /lib/x86_64-linux-gnu/libnsl-2.13.so
7fe167c68000-7fe167c6a000 rw-p 00000000 00:00 0 
7fe167c6a000-7fe167c72000 r-xp 00000000 08:05 5770950                    /lib/x86_64-linux-gnu/libnss_compat-2.13.so
7fe167c72000-7fe167e71000 ---p 00008000 08:05 5770950                    /lib/x86_64-linux-gnu/libnss_compat-2.13.so
7fe167e71000-7fe167e72000 r--p 00007000 08:05 5770950                    /lib/x86_64-linux-gnu/libnss_compat-2.13.so
7fe167e72000-7fe167e73000 rw-p 00008000 08:05 5770950                    /lib/x86_64-linux-gnu/libnss_compat-2.13.so
7fe167e73000-7fe168557000 r--p 00000000 08:05 137421                     /usr/lib/locale/locale-archive
7fe168557000-7fe16855a000 r-xp 00000000 08:05 3410230                    /usr/java/jdk1.7.0_01/jre/lib/amd64/libnpt.so
7fe16855a000-7fe168759000 ---p 00003000 08:05 3410230                    /usr/java/jdk1.7.0_01/jre/lib/amd64/libnpt.so
7fe168759000-7fe16875a000 rw-p 00002000 08:05 3410230                    /usr/java/jdk1.7.0_01/jre/lib/amd64/libnpt.so
7fe16875a000-7fe168764000 r-xp 00000000 08:05 3410253                    /usr/java/jdk1.7.0_01/jre/lib/amd64/libinstrument.so
7fe168764000-7fe168963000 ---p 0000a000 08:05 3410253                    /usr/java/jdk1.7.0_01/jre/lib/amd64/libinstrument.so
7fe168963000-7fe168964000 rw-p 00009000 08:05 3410253                    /usr/java/jdk1.7.0_01/jre/lib/amd64/libinstrument.so
7fe168964000-7fe16899d000 r-xp 00000000 08:05 3410206                    /usr/java/jdk1.7.0_01/jre/lib/amd64/libjdwp.so
7fe16899d000-7fe168b9c000 ---p 00039000 08:05 3410206                    /usr/java/jdk1.7.0_01/jre/lib/amd64/libjdwp.so
7fe168b9c000-7fe168b9e000 rw-p 00038000 08:05 3410206                    /usr/java/jdk1.7.0_01/jre/lib/amd64/libjdwp.so
7fe168b9e000-7fe168bc7000 r-xp 00000000 08:05 3410244                    /usr/java/jdk1.7.0_01/jre/lib/amd64/libjava.so
7fe168bc7000-7fe168dc7000 ---p 00029000 08:05 3410244                    /usr/java/jdk1.7.0_01/jre/lib/amd64/libjava.so
7fe168dc7000-7fe168dc9000 rw-p 00029000 08:05 3410244                    /usr/java/jdk1.7.0_01/jre/lib/amd64/libjava.so
7fe168dc9000-7fe168dd8000 r-xp 00000000 08:05 3410211                    /usr/java/jdk1.7.0_01/jre/lib/amd64/libverify.so
7fe168dd8000-7fe168fd7000 ---p 0000f000 08:05 3410211                    /usr/java/jdk1.7.0_01/jre/lib/amd64/libverify.so
7fe168fd7000-7fe168fd9000 rw-p 0000e000 08:05 3410211                    /usr/java/jdk1.7.0_01/jre/lib/amd64/libverify.so
7fe168fd9000-7fe168fe0000 r-xp 00000000 08:05 5770977                    /lib/x86_64-linux-gnu/librt-2.13.so
7fe168fe0000-7fe1691df000 ---p 00007000 08:05 5770977                    /lib/x86_64-linux-gnu/librt-2.13.so
7fe1691df000-7fe1691e0000 r--p 00006000 08:05 5770977                    /lib/x86_64-linux-gnu/librt-2.13.so
7fe1691e0000-7fe1691e1000 rw-p 00007000 08:05 5770977                    /lib/x86_64-linux-gnu/librt-2.13.so
7fe1691e1000-7fe169264000 r-xp 00000000 08:05 5770943                    /lib/x86_64-linux-gnu/libm-2.13.so
7fe169264000-7fe169463000 ---p 00083000 08:05 5770943                    /lib/x86_64-linux-gnu/libm-2.13.so
7fe169463000-7fe169464000 r--p 00082000 08:05 5770943                    /lib/x86_64-linux-gnu/libm-2.13.so
7fe169464000-7fe169465000 rw-p 00083000 08:05 5770943                    /lib/x86_64-linux-gnu/libm-2.13.so
7fe169465000-7fe169e35000 r-xp 00000000 08:05 3410247                    /usr/java/jdk1.7.0_01/jre/lib/amd64/server/libjvm.so
7fe169e35000-7fe16a035000 ---p 009d0000 08:05 3410247                    /usr/java/jdk1.7.0_01/jre/lib/amd64/server/libjvm.so
7fe16a035000-7fe16a0d0000 rw-p 009d0000 08:05 3410247                    /usr/java/jdk1.7.0_01/jre/lib/amd64/server/libjvm.so
7fe16a0d0000-7fe16a109000 rw-p 00000000 00:00 0 
7fe16a109000-7fe16a29e000 r-xp 00000000 08:05 5770913                    /lib/x86_64-linux-gnu/libc-2.13.so
7fe16a29e000-7fe16a49d000 ---p 00195000 08:05 5770913                    /lib/x86_64-linux-gnu/libc-2.13.so
7fe16a49d000-7fe16a4a1000 r--p 00194000 08:05 5770913                    /lib/x86_64-linux-gnu/libc-2.13.so
7fe16a4a1000-7fe16a4a2000 rw-p 00198000 08:05 5770913                    /lib/x86_64-linux-gnu/libc-2.13.so
7fe16a4a2000-7fe16a4a8000 rw-p 00000000 00:00 0 
7fe16a4a8000-7fe16a4aa000 r-xp 00000000 08:05 5770924                    /lib/x86_64-linux-gnu/libdl-2.13.so
7fe16a4aa000-7fe16a6aa000 ---p 00002000 08:05 5770924                    /lib/x86_64-linux-gnu/libdl-2.13.so
7fe16a6aa000-7fe16a6ab000 r--p 00002000 08:05 5770924                    /lib/x86_64-linux-gnu/libdl-2.13.so
7fe16a6ab000-7fe16a6ac000 rw-p 00003000 08:05 5770924                    /lib/x86_64-linux-gnu/libdl-2.13.so
7fe16a6ac000-7fe16a6c2000 r-xp 00000000 08:05 3410236                    /usr/java/jdk1.7.0_01/jre/lib/amd64/jli/libjli.so
7fe16a6c2000-7fe16a8c1000 ---p 00016000 08:05 3410236                    /usr/java/jdk1.7.0_01/jre/lib/amd64/jli/libjli.so
7fe16a8c1000-7fe16a8c2000 rw-p 00015000 08:05 3410236                    /usr/java/jdk1.7.0_01/jre/lib/amd64/jli/libjli.so
7fe16a8c2000-7fe16a8da000 r-xp 00000000 08:05 5770973                    /lib/x86_64-linux-gnu/libpthread-2.13.so
7fe16a8da000-7fe16aad9000 ---p 00018000 08:05 5770973                    /lib/x86_64-linux-gnu/libpthread-2.13.so
7fe16aad9000-7fe16aada000 r--p 00017000 08:05 5770973                    /lib/x86_64-linux-gnu/libpthread-2.13.so
7fe16aada000-7fe16aadb000 rw-p 00018000 08:05 5770973                    /lib/x86_64-linux-gnu/libpthread-2.13.so
7fe16aadb000-7fe16aadf000 rw-p 00000000 00:00 0 
7fe16aadf000-7fe16ab00000 r-xp 00000000 08:05 5770900                    /lib/x86_64-linux-gnu/ld-2.13.so
7fe16ab00000-7fe16ab0b000 r--s 00124000 08:05 3149594                    /usr/java/play-1.2.4/framework/lib/h2-1.3.149.jar
7fe16ab0b000-7fe16ab1a000 r--s 000d9000 08:05 3149603                    /usr/java/play-1.2.4/framework/lib/ivy-2.2.0.jar
7fe16ab1a000-7fe16ab26000 rw-p 00000000 00:00 0 
7fe16ab26000-7fe16abda000 rw-p 00000000 00:00 0 
7fe16abda000-7fe16abdd000 ---p 00000000 00:00 0 
7fe16abdd000-7fe16acdf000 rw-p 00000000 00:00 0 
7fe16ace0000-7fe16ace6000 r--s 0007e000 08:05 3149625                    /usr/java/play-1.2.4/framework/lib/postgresql-9.0.jar
7fe16ace6000-7fe16ace7000 rw-p 00000000 00:00 0 
7fe16ace7000-7fe16acf3000 r--s 000c2000 08:05 1313067                    /usr/java/play-1.2.4/framework/play-1.2.4.jar
7fe16acf3000-7fe16acfb000 rw-s 00000000 08:05 1311547                    /tmp/hsperfdata_jeroen/3713
7fe16acfb000-7fe16acfc000 rw-p 00000000 00:00 0 
7fe16acfc000-7fe16acfd000 r--p 00000000 00:00 0 
7fe16acfd000-7fe16acff000 rw-p 00000000 00:00 0 
7fe16acff000-7fe16ad00000 r--p 00020000 08:05 5770900                    /lib/x86_64-linux-gnu/ld-2.13.so
7fe16ad00000-7fe16ad02000 rw-p 00021000 08:05 5770900                    /lib/x86_64-linux-gnu/ld-2.13.so
7fff1d38b000-7fff1d3ad000 rw-p 00000000 00:00 0                          [stack]
7fff1d3ff000-7fff1d400000 r-xp 00000000 00:00 0                          [vdso]
ffffffffff600000-ffffffffff601000 r-xp 00000000 00:00 0                  [vsyscall]

VM Arguments:
jvm_args: -javaagent:/usr/java/play-1.2.4/framework/play-1.2.4.jar -XX:-UseSplitVerifier -Dfile.encoding=utf-8 -Xdebug -Xrunjdwp:transport=dt_socket,address=8000,server=y,suspend=n -Dplay.debug=yes -Dapplication.path=/home/jeroen/workspaces/play/trial -Dplay.id= 
java_command: play.server.Server 
Launcher Type: SUN_STANDARD

Environment Variables:
JAVA_HOME=/usr/java/jdk1.7.0_01
PATH=/usr/java/jdk1.7.0_01/bin:/usr/java/maven/bin:/usr/java/play:/usr/lib/lightdm/lightdm:/usr/local/sbin:/usr/local/bin:/usr/sbin:/usr/bin:/sbin:/bin:/usr/games
USERNAME=jeroen
SHELL=/bin/bash
DISPLAY=:0

Signal Handlers:
SIGSEGV: [libjvm.so+0x84b980], sa_mask[0]=0x7ffbfeff, sa_flags=0x10000004
SIGBUS: [libjvm.so+0x84b980], sa_mask[0]=0x7ffbfeff, sa_flags=0x10000004
SIGFPE: [libjvm.so+0x6f3340], sa_mask[0]=0x7ffbfeff, sa_flags=0x10000004
SIGPIPE: [libjvm.so+0x6f3340], sa_mask[0]=0x7ffbfeff, sa_flags=0x10000004
SIGXFSZ: [libjvm.so+0x6f3340], sa_mask[0]=0x7ffbfeff, sa_flags=0x10000004
SIGILL: [libjvm.so+0x6f3340], sa_mask[0]=0x7ffbfeff, sa_flags=0x10000004
SIGUSR1: SIG_DFL, sa_mask[0]=0x00000000, sa_flags=0x00000000
SIGUSR2: [libjvm.so+0x6f2cb0], sa_mask[0]=0x00000000, sa_flags=0x10000004
SIGHUP: [libjvm.so+0x6f5170], sa_mask[0]=0x7ffbfeff, sa_flags=0x10000004
SIGINT: [libjvm.so+0x6f5170], sa_mask[0]=0x7ffbfeff, sa_flags=0x10000004
SIGTERM: [libjvm.so+0x6f5170], sa_mask[0]=0x7ffbfeff, sa_flags=0x10000004
SIGQUIT: [libjvm.so+0x6f5170], sa_mask[0]=0x7ffbfeff, sa_flags=0x10000004


---------------  S Y S T E M  ---------------

OS:wheezy/sid

uname:Linux 3.0.0-13-generic #22-Ubuntu SMP Wed Nov 2 13:27:26 UTC 2011 x86_64
libc:glibc 2.13 NPTL 2.13 
rlimit: STACK 8192k, CORE 0k, NPROC 29969, NOFILE 4096, AS infinity
load average:0.01 0.05 0.05

/proc/meminfo:
MemTotal:        3851864 kB
MemFree:          734824 kB
Buffers:          133452 kB
Cached:          1610176 kB
SwapCached:            0 kB
Active:          1972684 kB
Inactive:         899572 kB
Active(anon):    1348612 kB
Inactive(anon):    81464 kB
Active(file):     624072 kB
Inactive(file):   818108 kB
Unevictable:           0 kB
Mlocked:               0 kB
SwapTotal:      15625212 kB
SwapFree:       15625212 kB
Dirty:               188 kB
Writeback:             0 kB
AnonPages:       1128636 kB
Mapped:           164584 kB
Shmem:            301172 kB
Slab:             117224 kB
SReclaimable:      92380 kB
SUnreclaim:        24844 kB
KernelStack:        3240 kB
PageTables:        25768 kB
NFS_Unstable:          0 kB
Bounce:                0 kB
WritebackTmp:          0 kB
CommitLimit:    17551144 kB
Committed_AS:    3096428 kB
VmallocTotal:   34359738367 kB
VmallocUsed:      444320 kB
VmallocChunk:   34359263908 kB
HardwareCorrupted:     0 kB
AnonHugePages:         0 kB
HugePages_Total:       0
HugePages_Free:        0
HugePages_Rsvd:        0
HugePages_Surp:        0
Hugepagesize:       2048 kB
DirectMap4k:       63488 kB
DirectMap2M:     3926016 kB


CPU:total 4 (2 cores per cpu, 2 threads per core) family 6 model 37 stepping 5, cmov, cx8, fxsr, mmx, sse, sse2, sse3, ssse3, sse4.1, sse4.2, popcnt, ht

/proc/cpuinfo:
processor	: 0
vendor_id	: GenuineIntel
cpu family	: 6
model		: 37
model name	: Intel(R) Core(TM) i5 CPU       M 460  @ 2.53GHz
stepping	: 5
cpu MHz		: 1866.000
cache size	: 3072 KB
physical id	: 0
siblings	: 4
core id		: 0
cpu cores	: 2
apicid		: 0
initial apicid	: 0
fpu		: yes
fpu_exception	: yes
cpuid level	: 11
wp		: yes
flags		: fpu vme de pse tsc msr pae mce cx8 apic sep mtrr pge mca cmov pat pse36 clflush dts acpi mmx fxsr sse sse2 ss ht tm pbe syscall nx rdtscp lm constant_tsc arch_perfmon pebs bts rep_good nopl xtopology nonstop_tsc aperfmperf pni dtes64 monitor ds_cpl vmx est tm2 ssse3 cx16 xtpr pdcm sse4_1 sse4_2 popcnt lahf_lm ida arat dts tpr_shadow vnmi flexpriority ept vpid
bogomips	: 5053.07
clflush size	: 64
cache_alignment	: 64
address sizes	: 36 bits physical, 48 bits virtual
power management:

processor	: 1
vendor_id	: GenuineIntel
cpu family	: 6
model		: 37
model name	: Intel(R) Core(TM) i5 CPU       M 460  @ 2.53GHz
stepping	: 5
cpu MHz		: 1999.000
cache size	: 3072 KB
physical id	: 0
siblings	: 4
core id		: 0
cpu cores	: 2
apicid		: 1
initial apicid	: 1
fpu		: yes
fpu_exception	: yes
cpuid level	: 11
wp		: yes
flags		: fpu vme de pse tsc msr pae mce cx8 apic sep mtrr pge mca cmov pat pse36 clflush dts acpi mmx fxsr sse sse2 ss ht tm pbe syscall nx rdtscp lm constant_tsc arch_perfmon pebs bts rep_good nopl xtopology nonstop_tsc aperfmperf pni dtes64 monitor ds_cpl vmx est tm2 ssse3 cx16 xtpr pdcm sse4_1 sse4_2 popcnt lahf_lm ida arat dts tpr_shadow vnmi flexpriority ept vpid
bogomips	: 5053.88
clflush size	: 64
cache_alignment	: 64
address sizes	: 36 bits physical, 48 bits virtual
power management:

processor	: 2
vendor_id	: GenuineIntel
cpu family	: 6
model		: 37
model name	: Intel(R) Core(TM) i5 CPU       M 460  @ 2.53GHz
stepping	: 5
cpu MHz		: 1199.000
cache size	: 3072 KB
physical id	: 0
siblings	: 4
core id		: 2
cpu cores	: 2
apicid		: 4
initial apicid	: 4
fpu		: yes
fpu_exception	: yes
cpuid level	: 11
wp		: yes
flags		: fpu vme de pse tsc msr pae mce cx8 apic sep mtrr pge mca cmov pat pse36 clflush dts acpi mmx fxsr sse sse2 ss ht tm pbe syscall nx rdtscp lm constant_tsc arch_perfmon pebs bts rep_good nopl xtopology nonstop_tsc aperfmperf pni dtes64 monitor ds_cpl vmx est tm2 ssse3 cx16 xtpr pdcm sse4_1 sse4_2 popcnt lahf_lm ida arat dts tpr_shadow vnmi flexpriority ept vpid
bogomips	: 5053.90
clflush size	: 64
cache_alignment	: 64
address sizes	: 36 bits physical, 48 bits virtual
power management:

processor	: 3
vendor_id	: GenuineIntel
cpu family	: 6
model		: 37
model name	: Intel(R) Core(TM) i5 CPU       M 460  @ 2.53GHz
stepping	: 5
cpu MHz		: 1199.000
cache size	: 3072 KB
physical id	: 0
siblings	: 4
core id		: 2
cpu cores	: 2
apicid		: 5
initial apicid	: 5
fpu		: yes
fpu_exception	: yes
cpuid level	: 11
wp		: yes
flags		: fpu vme de pse tsc msr pae mce cx8 apic sep mtrr pge mca cmov pat pse36 clflush dts acpi mmx fxsr sse sse2 ss ht tm pbe syscall nx rdtscp lm constant_tsc arch_perfmon pebs bts rep_good nopl xtopology nonstop_tsc aperfmperf pni dtes64 monitor ds_cpl vmx est tm2 ssse3 cx16 xtpr pdcm sse4_1 sse4_2 popcnt lahf_lm ida arat dts tpr_shadow vnmi flexpriority ept vpid
bogomips	: 5053.89
clflush size	: 64
cache_alignment	: 64
address sizes	: 36 bits physical, 48 bits virtual
power management:



Memory: 4k page, physical 3851864k(734824k free), swap 15625212k(15625212k free)

vm_info: Java HotSpot(TM) 64-Bit Server VM (21.1-b02) for linux-amd64 JRE (1.7.0_01-b08), built on Oct  3 2011 01:18:26 by "java_re" with gcc 4.3.0 20080428 (Red Hat 4.3.0-8)

time: Fri Dec  9 06:50:23 2011
elapsed time: 2704 seconds

